<?xml version="1.0" encoding="UTF-8"?>
<!-- Generated by org.testng.reporters.JUnitXMLReporter -->
<testsuite ignored="0" hostname="DESKTOP-T1PL2IG" failures="0" tests="9" name="Default test" time="66.998" errors="0" timestamp="2025-07-11T15:29:08 IST">
  <testcase classname="modulepackage.Pom_project.TC_0014_last_order_review" name="hover_element" time="7.772"/>
  <testcase classname="modulepackage.Pom_project.TC_0014_last_order_review" name="enter_vaild_cred_and_validate_username" time="18.846"/>
  <testcase classname="modulepackage.Pom_project.TC_0014_last_order_review" name="navigat_to_order_page" time="8.72"/>
  <testcase classname="modulepackage.Pom_project.TC_0014_last_order_review" name="select_product_review_first_element" time="3.997"/>
  <testcase classname="modulepackage.Pom_project.TC_0014_last_order_review" name="give_star_rating" time="1.045"/>
  <testcase classname="modulepackage.Pom_project.TC_0014_last_order_review" name="Write_review_descrption" time="0.339"/>
  <testcase classname="modulepackage.Pom_project.TC_0014_last_order_review" name="Write_review_title" time="0.334"/>
  <testcase classname="modulepackage.Pom_project.TC_0014_last_order_review" name="Write_review_submit" time="2.16"/>
  <testcase classname="modulepackage.Pom_project.TC_0014_last_order_review" name="check_review_submitted_sucessfully" time="0.103"/>
</testsuite> <!-- Default test -->
