<?xml version="1.0" encoding="UTF-8"?>
<testng-results ignored="0" total="9" passed="9" failed="0" skipped="0">
  <reporter-output>
    <line>
      <![CDATA[Hover on the element and click on sign in button]]>
    </line>
    <line>
      <![CDATA[Enter vaild cred]]>
    </line>
    <line>
      <![CDATA[verfiy the name of the login user]]>
    </line>
    <line>
      <![CDATA[navigate to order page and select year]]>
    </line>
    <line>
      <![CDATA[past order is displayed or not and click it on write Product review]]>
    </line>
    <line>
      <![CDATA[past order is displayed or not and click it on write Product review]]>
    </line>
    <line>
      <![CDATA[Enter review descrption]]>
    </line>
    <line>
      <![CDATA[Enter review title]]>
    </line>
    <line>
      <![CDATA[Submit button is displayed or not]]>
    </line>
    <line>
      <![CDATA[check_review_submitted_sucessfully]]>
    </line>
  </reporter-output>
  <suite started-at="2025-07-11T15:28:01 IST" name="Default suite" finished-at="2025-07-11T15:29:08 IST" duration-ms="66998">
    <groups>
    </groups>
    <test started-at="2025-07-11T15:28:01 IST" name="Default test" finished-at="2025-07-11T15:29:08 IST" duration-ms="66998">
      <class name="modulepackage.Pom_project.TC_0014_last_order_review">
        <test-method is-config="true" signature="launch_browser()[pri:0, instance:modulepackage.Pom_project.TC_0014_last_order_review@4e08711f]" started-at="2025-07-11T15:28:01 IST" name="launch_browser" finished-at="2025-07-11T15:28:19 IST" duration-ms="17972" status="PASS">
          <reporter-output>
          </reporter-output>
        </test-method> <!-- launch_browser -->
        <test-method signature="hover_element()[pri:0, instance:modulepackage.Pom_project.TC_0014_last_order_review@4e08711f]" started-at="2025-07-11T15:28:19 IST" name="hover_element" finished-at="2025-07-11T15:28:27 IST" duration-ms="7772" status="PASS">
          <reporter-output>
            <line>
              <![CDATA[Hover on the element and click on sign in button]]>
            </line>
          </reporter-output>
        </test-method> <!-- hover_element -->
        <test-method signature="enter_vaild_cred_and_validate_username(java.lang.String,java.lang.String,java.lang.String)[pri:1, instance:modulepackage.Pom_project.TC_0014_last_order_review@4e08711f]" started-at="2025-07-11T15:28:29 IST" name="enter_vaild_cred_and_validate_username" data-provider="get_vaild_cred" finished-at="2025-07-11T15:28:48 IST" duration-ms="18846" status="PASS">
          <params>
            <param index="0">
              <value>
                <![CDATA[9131899877]]>
              </value>
            </param>
            <param index="1">
              <value>
                <![CDATA[9131899877]]>
              </value>
            </param>
            <param index="2">
              <value>
                <![CDATA[zafar]]>
              </value>
            </param>
          </params>
          <reporter-output>
            <line>
              <![CDATA[Enter vaild cred]]>
            </line>
            <line>
              <![CDATA[verfiy the name of the login user]]>
            </line>
          </reporter-output>
        </test-method> <!-- enter_vaild_cred_and_validate_username -->
        <test-method signature="navigat_to_order_page()[pri:2, instance:modulepackage.Pom_project.TC_0014_last_order_review@4e08711f]" started-at="2025-07-11T15:28:49 IST" name="navigat_to_order_page" finished-at="2025-07-11T15:28:57 IST" duration-ms="8720" status="PASS">
          <reporter-output>
            <line>
              <![CDATA[navigate to order page and select year]]>
            </line>
          </reporter-output>
        </test-method> <!-- navigat_to_order_page -->
        <test-method signature="select_product_review_first_element()[pri:3, instance:modulepackage.Pom_project.TC_0014_last_order_review@4e08711f]" started-at="2025-07-11T15:28:58 IST" name="select_product_review_first_element" finished-at="2025-07-11T15:29:02 IST" duration-ms="3997" status="PASS">
          <reporter-output>
            <line>
              <![CDATA[past order is displayed or not and click it on write Product review]]>
            </line>
          </reporter-output>
        </test-method> <!-- select_product_review_first_element -->
        <test-method signature="give_star_rating()[pri:4, instance:modulepackage.Pom_project.TC_0014_last_order_review@4e08711f]" started-at="2025-07-11T15:29:02 IST" name="give_star_rating" finished-at="2025-07-11T15:29:03 IST" duration-ms="1045" status="PASS">
          <reporter-output>
            <line>
              <![CDATA[past order is displayed or not and click it on write Product review]]>
            </line>
          </reporter-output>
        </test-method> <!-- give_star_rating -->
        <test-method signature="Write_review_descrption()[pri:6, instance:modulepackage.Pom_project.TC_0014_last_order_review@4e08711f]" started-at="2025-07-11T15:29:03 IST" name="Write_review_descrption" finished-at="2025-07-11T15:29:03 IST" duration-ms="339" status="PASS">
          <reporter-output>
            <line>
              <![CDATA[Enter review descrption]]>
            </line>
          </reporter-output>
        </test-method> <!-- Write_review_descrption -->
        <test-method signature="Write_review_title()[pri:7, instance:modulepackage.Pom_project.TC_0014_last_order_review@4e08711f]" started-at="2025-07-11T15:29:04 IST" name="Write_review_title" finished-at="2025-07-11T15:29:04 IST" duration-ms="334" status="PASS">
          <reporter-output>
            <line>
              <![CDATA[Enter review title]]>
            </line>
          </reporter-output>
        </test-method> <!-- Write_review_title -->
        <test-method signature="Write_review_submit()[pri:8, instance:modulepackage.Pom_project.TC_0014_last_order_review@4e08711f]" started-at="2025-07-11T15:29:04 IST" name="Write_review_submit" finished-at="2025-07-11T15:29:07 IST" duration-ms="2160" status="PASS">
          <reporter-output>
            <line>
              <![CDATA[Submit button is displayed or not]]>
            </line>
          </reporter-output>
        </test-method> <!-- Write_review_submit -->
        <test-method signature="check_review_submitted_sucessfully()[pri:9, instance:modulepackage.Pom_project.TC_0014_last_order_review@4e08711f]" started-at="2025-07-11T15:29:07 IST" name="check_review_submitted_sucessfully" finished-at="2025-07-11T15:29:07 IST" duration-ms="103" status="PASS">
          <reporter-output>
            <line>
              <![CDATA[check_review_submitted_sucessfully]]>
            </line>
          </reporter-output>
        </test-method> <!-- check_review_submitted_sucessfully -->
        <test-method is-config="true" signature="close_brower()[pri:0, instance:modulepackage.Pom_project.TC_0014_last_order_review@4e08711f]" started-at="2025-07-11T15:29:07 IST" name="close_brower" finished-at="2025-07-11T15:29:08 IST" duration-ms="577" status="PASS">
          <reporter-output>
          </reporter-output>
        </test-method> <!-- close_brower -->
      </class> <!-- modulepackage.Pom_project.TC_0014_last_order_review -->
    </test> <!-- Default test -->
  </suite> <!-- Default suite -->
</testng-results>
